[
  {
    "level": "INFO",
    "message": "android.ndkVersion from module build.gradle is [not set]"
  },
  {
    "level": "INFO",
    "message": "android.ndkPath from module build.gradle is not set"
  },
  {
    "level": "INFO",
    "message": "ndk.dir in local.properties is D:\\android-ndk-r10d\\android-ndk-r10d"
  },
  {
    "level": "INFO",
    "message": "Not considering ANDROID_NDK_HOME because support was removed after deprecation period."
  },
  {
    "level": "INFO",
    "message": "sdkFolder is D:\\android-studio\\sdk\\sdk"
  },
  {
    "level": "INFO",
    "message": "Because no explicit NDK was requested, the default version [21.1.6352462] for this Android Gradle Plugin will be used"
  },
  {
    "level": "INFO",
    "message": "Checking whether deleting ndk.dir and setting android.ndkVersion to [21.3.6528147] would result in the same NDK"
  },
  {
    "level": "INFO",
    "message": "android.ndkVersion from module build.gradle is [21.3.6528147]",
    "tag": "ndk.dir delete check"
  },
  {
    "level": "INFO",
    "message": "android.ndkPath from module build.gradle is not set",
    "tag": "ndk.dir delete check"
  },
  {
    "level": "INFO",
    "message": "ndk.dir in local.properties is not set",
    "tag": "ndk.dir delete check"
  },
  {
    "level": "INFO",
    "message": "Not considering ANDROID_NDK_HOME because support was removed after deprecation period.",
    "tag": "ndk.dir delete check"
  },
  {
    "level": "INFO",
    "message": "sdkFolder is D:\\android-studio\\sdk\\sdk",
    "tag": "ndk.dir delete check"
  },
  {
    "level": "INFO",
    "message": "Deleting ndk.dir and setting android.ndkVersion to [21.3.6528147] would *not* result in the same NDK.",
    "tag": "ndk.dir delete check"
  },
  {
    "level": "WARN",
    "message": "NDK was located by using ndk.dir property. This method is deprecated and will be removed in a future release. If you delete ndk.dir from local.properties and set android.ndkVersion to [21.3.6528147] then NDK at D:\\android-studio\\sdk\\sdk\\ndk\\21.3.6528147 will be used. https://developer.android.com/r/studio-ui/ndk-dir"
  }
]